[73.115s] DEBUG:colcon:Command line arguments: ['/usr/bin/colcon', 'build', '--symlink-install']
[73.128s] DEBUG:colcon:Parsed command line arguments: Namespace(log_base=None, log_level=None, verb_name='build', build_base='build', install_base='install', merge_install=False, symlink_install=True, test_result_base=None, continue_on_error=False, executor='parallel', parallel_workers=4, event_handlers=None, ignore_user_meta=False, metas=['./colcon.meta'], base_paths=['.'], packages_ignore=None, packages_ignore_regex=None, paths=None, packages_up_to=None, packages_up_to_regex=None, packages_above=None, packages_above_and_dependencies=None, packages_above_depth=None, packages_select_by_dep=None, packages_skip_by_dep=None, packages_skip_up_to=None, packages_select_build_failed=False, packages_skip_build_finished=False, packages_select_test_failures=False, packages_skip_test_passed=False, packages_select=None, packages_skip=None, packages_select_regex=None, packages_skip_regex=None, packages_start=None, packages_end=None, cmake_args=None, cmake_target=None, cmake_target_skip_unavailable=False, cmake_clean_cache=False, cmake_clean_first=False, cmake_force_configure=False, ament_cmake_args=None, catkin_cmake_args=None, catkin_skip_building_tests=False, mixin_files=None, mixin=None, verb_parser=<colcon_mixin.mixin.mixin_argument.MixinArgumentDecorator object at 0x40047178b0>, verb_extension=<colcon_core.verb.build.BuildVerb object at 0x4004714e20>, main=<bound method BuildVerb.main of <colcon_core.verb.build.BuildVerb object at 0x4004714e20>>, mixin_verb=('build',))
[75.865s] Level 1:colcon.colcon_core.package_discovery:discover_packages(colcon_meta) check parameters
[75.869s] Level 1:colcon.colcon_core.package_discovery:discover_packages(recursive) check parameters
[75.871s] Level 1:colcon.colcon_core.package_discovery:discover_packages(ignore) check parameters
[75.873s] Level 1:colcon.colcon_core.package_discovery:discover_packages(path) check parameters
[75.874s] Level 1:colcon.colcon_core.package_discovery:discover_packages(colcon_meta) discover
[75.878s] Level 1:colcon.colcon_core.package_discovery:discover_packages(recursive) discover
[75.880s] INFO:colcon.colcon_core.package_discovery:Crawling recursively for packages in '/home/ros/ros_ws'
[75.887s] Level 1:colcon.colcon_core.package_identification:_identify(.) by extensions ['ignore', 'ignore_ament_install']
[75.895s] Level 1:colcon.colcon_core.package_identification:_identify(.) by extension 'ignore'
[75.899s] Level 1:colcon.colcon_core.package_identification:_identify(.) by extension 'ignore_ament_install'
[75.903s] Level 1:colcon.colcon_core.package_identification:_identify(.) by extensions ['colcon_pkg']
[75.905s] Level 1:colcon.colcon_core.package_identification:_identify(.) by extension 'colcon_pkg'
[75.908s] Level 1:colcon.colcon_core.package_identification:_identify(.) by extensions ['colcon_meta']
[75.910s] Level 1:colcon.colcon_core.package_identification:_identify(.) by extension 'colcon_meta'
[75.913s] Level 1:colcon.colcon_core.package_identification:_identify(.) by extensions ['ros']
[75.915s] Level 1:colcon.colcon_core.package_identification:_identify(.) by extension 'ros'
[76.550s] Level 1:colcon.colcon_core.package_identification:_identify(.) by extensions ['cmake', 'python']
[76.553s] Level 1:colcon.colcon_core.package_identification:_identify(.) by extension 'cmake'
[76.556s] Level 1:colcon.colcon_core.package_identification:_identify(.) by extension 'python'
[76.558s] Level 1:colcon.colcon_core.package_identification:_identify(.) by extensions ['python_setup_py']
[76.561s] Level 1:colcon.colcon_core.package_identification:_identify(.) by extension 'python_setup_py'
[76.567s] Level 1:colcon.colcon_core.package_identification:_identify(build) by extensions ['ignore', 'ignore_ament_install']
[76.572s] Level 1:colcon.colcon_core.package_identification:_identify(build) by extension 'ignore'
[76.574s] Level 1:colcon.colcon_core.package_identification:_identify(build) ignored
[76.581s] Level 1:colcon.colcon_core.package_identification:_identify(install) by extensions ['ignore', 'ignore_ament_install']
[76.586s] Level 1:colcon.colcon_core.package_identification:_identify(install) by extension 'ignore'
[76.589s] Level 1:colcon.colcon_core.package_identification:_identify(install) ignored
[76.594s] Level 1:colcon.colcon_core.package_identification:_identify(log) by extensions ['ignore', 'ignore_ament_install']
[76.599s] Level 1:colcon.colcon_core.package_identification:_identify(log) by extension 'ignore'
[76.602s] Level 1:colcon.colcon_core.package_identification:_identify(log) ignored
[76.606s] Level 1:colcon.colcon_core.package_identification:_identify(src) by extensions ['ignore', 'ignore_ament_install']
[76.611s] Level 1:colcon.colcon_core.package_identification:_identify(src) by extension 'ignore'
[76.614s] Level 1:colcon.colcon_core.package_identification:_identify(src) by extension 'ignore_ament_install'
[76.617s] Level 1:colcon.colcon_core.package_identification:_identify(src) by extensions ['colcon_pkg']
[76.619s] Level 1:colcon.colcon_core.package_identification:_identify(src) by extension 'colcon_pkg'
[76.622s] Level 1:colcon.colcon_core.package_identification:_identify(src) by extensions ['colcon_meta']
[76.624s] Level 1:colcon.colcon_core.package_identification:_identify(src) by extension 'colcon_meta'
[76.627s] Level 1:colcon.colcon_core.package_identification:_identify(src) by extensions ['ros']
[76.629s] Level 1:colcon.colcon_core.package_identification:_identify(src) by extension 'ros'
[76.634s] Level 1:colcon.colcon_core.package_identification:_identify(src) by extensions ['cmake', 'python']
[76.636s] Level 1:colcon.colcon_core.package_identification:_identify(src) by extension 'cmake'
[76.639s] Level 1:colcon.colcon_core.package_identification:_identify(src) by extension 'python'
[76.642s] Level 1:colcon.colcon_core.package_identification:_identify(src) by extensions ['python_setup_py']
[76.645s] Level 1:colcon.colcon_core.package_identification:_identify(src) by extension 'python_setup_py'
[76.651s] Level 1:colcon.colcon_core.package_identification:_identify(src/my_bot) by extensions ['ignore', 'ignore_ament_install']
[76.657s] Level 1:colcon.colcon_core.package_identification:_identify(src/my_bot) by extension 'ignore'
[76.661s] Level 1:colcon.colcon_core.package_identification:_identify(src/my_bot) by extension 'ignore_ament_install'
[76.665s] Level 1:colcon.colcon_core.package_identification:_identify(src/my_bot) by extensions ['colcon_pkg']
[76.668s] Level 1:colcon.colcon_core.package_identification:_identify(src/my_bot) by extension 'colcon_pkg'
[76.672s] Level 1:colcon.colcon_core.package_identification:_identify(src/my_bot) by extensions ['colcon_meta']
[76.674s] Level 1:colcon.colcon_core.package_identification:_identify(src/my_bot) by extension 'colcon_meta'
[76.678s] Level 1:colcon.colcon_core.package_identification:_identify(src/my_bot) by extensions ['ros']
[76.681s] Level 1:colcon.colcon_core.package_identification:_identify(src/my_bot) by extension 'ros'
[76.841s] DEBUG:colcon.colcon_core.package_identification:Package 'src/my_bot' with type 'ros.ament_cmake' and name 'my_bot'
[76.843s] Level 1:colcon.colcon_core.package_discovery:discover_packages(recursive) using defaults
[76.846s] Level 1:colcon.colcon_core.package_discovery:discover_packages(ignore) discover
[76.848s] Level 1:colcon.colcon_core.package_discovery:discover_packages(ignore) using defaults
[76.850s] Level 1:colcon.colcon_core.package_discovery:discover_packages(path) discover
[76.851s] Level 1:colcon.colcon_core.package_discovery:discover_packages(path) using defaults
[81.300s] Level 5:colcon.colcon_core.verb:set package 'my_bot' build argument 'cmake_args' from command line to 'None'
[81.302s] Level 5:colcon.colcon_core.verb:set package 'my_bot' build argument 'cmake_target' from command line to 'None'
[81.305s] Level 5:colcon.colcon_core.verb:set package 'my_bot' build argument 'cmake_target_skip_unavailable' from command line to 'False'
[81.307s] Level 5:colcon.colcon_core.verb:set package 'my_bot' build argument 'cmake_clean_cache' from command line to 'False'
[81.309s] Level 5:colcon.colcon_core.verb:set package 'my_bot' build argument 'cmake_clean_first' from command line to 'False'
[81.311s] Level 5:colcon.colcon_core.verb:set package 'my_bot' build argument 'cmake_force_configure' from command line to 'False'
[81.313s] Level 5:colcon.colcon_core.verb:set package 'my_bot' build argument 'ament_cmake_args' from command line to 'None'
[81.314s] Level 5:colcon.colcon_core.verb:set package 'my_bot' build argument 'catkin_cmake_args' from command line to 'None'
[81.316s] Level 5:colcon.colcon_core.verb:set package 'my_bot' build argument 'catkin_skip_building_tests' from command line to 'False'
[81.318s] DEBUG:colcon.colcon_core.verb:Building package 'my_bot' with the following arguments: {'ament_cmake_args': None, 'build_base': '/home/ros/ros_ws/build/my_bot', 'catkin_cmake_args': None, 'catkin_skip_building_tests': False, 'cmake_args': None, 'cmake_clean_cache': False, 'cmake_clean_first': False, 'cmake_force_configure': False, 'cmake_target': None, 'cmake_target_skip_unavailable': False, 'install_base': '/home/ros/ros_ws/install/my_bot', 'merge_install': False, 'path': '/home/ros/ros_ws/src/my_bot', 'symlink_install': True, 'test_result_base': None}
[82.100s] INFO:colcon.colcon_core.executor:Executing jobs using 'parallel' executor
[82.979s] DEBUG:colcon.colcon_parallel_executor.executor.parallel:run_until_complete
[83.008s] INFO:colcon.colcon_ros.task.ament_cmake.build:Building ROS package in '/home/ros/ros_ws/src/my_bot' with build type 'ament_cmake'
[83.018s] INFO:colcon.colcon_cmake.task.cmake.build:Building CMake package in '/home/ros/ros_ws/src/my_bot'
[84.356s] INFO:colcon.colcon_core.plugin_system:Skipping extension 'colcon_core.shell.bat': Not used on non-Windows systems
[84.366s] INFO:colcon.colcon_core.shell:Skip shell extension 'powershell' for command environment: Not usable outside of PowerShell
[84.369s] DEBUG:colcon.colcon_core.shell:Skip shell extension 'dsv' for command environment
[88.772s] DEBUG:colcon.colcon_core.event_handler.log_command:Invoking command in '/home/ros/ros_ws/build/my_bot': CMAKE_PREFIX_PATH=${CMAKE_PREFIX_PATH}:/opt/ros/humble /usr/bin/cmake --build /home/ros/ros_ws/build/my_bot -- -j4 -l4
[93.367s] DEBUG:colcon.colcon_core.event_handler.log_command:Invoked command in '/home/ros/ros_ws/build/my_bot' returned '0': CMAKE_PREFIX_PATH=${CMAKE_PREFIX_PATH}:/opt/ros/humble /usr/bin/cmake --build /home/ros/ros_ws/build/my_bot -- -j4 -l4
[97.017s] DEBUG:colcon.colcon_core.event_handler.log_command:Invoking command in '/home/ros/ros_ws/build/my_bot': CMAKE_PREFIX_PATH=${CMAKE_PREFIX_PATH}:/opt/ros/humble /usr/bin/cmake --install /home/ros/ros_ws/build/my_bot
[99.516s] Level 1:colcon.colcon_core.environment:create_environment_scripts_only(my_bot)
[99.541s] DEBUG:colcon.colcon_core.event_handler.log_command:Invoked command in '/home/ros/ros_ws/build/my_bot' returned '0': CMAKE_PREFIX_PATH=${CMAKE_PREFIX_PATH}:/opt/ros/humble /usr/bin/cmake --install /home/ros/ros_ws/build/my_bot
[101.004s] Level 1:colcon.colcon_core.environment:checking '/home/ros/ros_ws/install/my_bot' for CMake module files
[101.060s] Level 1:colcon.colcon_core.environment:checking '/home/ros/ros_ws/install/my_bot' for CMake config files
[101.079s] Level 1:colcon.colcon_core.shell:create_environment_hook('my_bot', 'cmake_prefix_path')
[102.209s] INFO:colcon.colcon_core.shell:Creating environment hook '/home/ros/ros_ws/install/my_bot/share/my_bot/hook/cmake_prefix_path.ps1'
[102.250s] INFO:colcon.colcon_core.shell:Creating environment descriptor '/home/ros/ros_ws/install/my_bot/share/my_bot/hook/cmake_prefix_path.dsv'
[102.273s] INFO:colcon.colcon_core.shell:Creating environment hook '/home/ros/ros_ws/install/my_bot/share/my_bot/hook/cmake_prefix_path.sh'
[102.340s] Level 1:colcon.colcon_core.environment:checking '/home/ros/ros_ws/install/my_bot/bin'
[102.351s] Level 1:colcon.colcon_core.environment:checking '/home/ros/ros_ws/install/my_bot/lib/pkgconfig/my_bot.pc'
[102.459s] Level 1:colcon.colcon_core.environment:checking '/home/ros/ros_ws/install/my_bot/lib/python3.10/site-packages'
[102.480s] Level 1:colcon.colcon_core.environment:checking '/home/ros/ros_ws/install/my_bot/bin'
[103.606s] INFO:colcon.colcon_core.shell:Creating package script '/home/ros/ros_ws/install/my_bot/share/my_bot/package.ps1'
[103.656s] INFO:colcon.colcon_core.shell:Creating package descriptor '/home/ros/ros_ws/install/my_bot/share/my_bot/package.dsv'
[103.688s] INFO:colcon.colcon_core.shell:Creating package script '/home/ros/ros_ws/install/my_bot/share/my_bot/package.sh'
[103.741s] INFO:colcon.colcon_core.shell:Creating package script '/home/ros/ros_ws/install/my_bot/share/my_bot/package.bash'
[103.803s] INFO:colcon.colcon_core.shell:Creating package script '/home/ros/ros_ws/install/my_bot/share/my_bot/package.zsh'
[103.857s] Level 1:colcon.colcon_core.environment:create_file_with_runtime_dependencies(/home/ros/ros_ws/install/my_bot/share/colcon-core/packages/my_bot)
[107.624s] Level 1:colcon.colcon_core.environment:create_environment_scripts_only(my_bot)
[108.876s] Level 1:colcon.colcon_core.environment:checking '/home/ros/ros_ws/install/my_bot' for CMake module files
[108.911s] Level 1:colcon.colcon_core.environment:checking '/home/ros/ros_ws/install/my_bot' for CMake config files
[108.924s] Level 1:colcon.colcon_core.shell:create_environment_hook('my_bot', 'cmake_prefix_path')
[110.074s] INFO:colcon.colcon_core.shell:Creating environment hook '/home/ros/ros_ws/install/my_bot/share/my_bot/hook/cmake_prefix_path.ps1'
[110.129s] INFO:colcon.colcon_core.shell:Creating environment descriptor '/home/ros/ros_ws/install/my_bot/share/my_bot/hook/cmake_prefix_path.dsv'
[110.170s] INFO:colcon.colcon_core.shell:Creating environment hook '/home/ros/ros_ws/install/my_bot/share/my_bot/hook/cmake_prefix_path.sh'
[110.215s] Level 1:colcon.colcon_core.environment:checking '/home/ros/ros_ws/install/my_bot/bin'
[110.221s] Level 1:colcon.colcon_core.environment:checking '/home/ros/ros_ws/install/my_bot/lib/pkgconfig/my_bot.pc'
[110.240s] Level 1:colcon.colcon_core.environment:checking '/home/ros/ros_ws/install/my_bot/lib/python3.10/site-packages'
[110.256s] Level 1:colcon.colcon_core.environment:checking '/home/ros/ros_ws/install/my_bot/bin'
[111.348s] INFO:colcon.colcon_core.shell:Creating package script '/home/ros/ros_ws/install/my_bot/share/my_bot/package.ps1'
[111.376s] INFO:colcon.colcon_core.shell:Creating package descriptor '/home/ros/ros_ws/install/my_bot/share/my_bot/package.dsv'
[111.408s] INFO:colcon.colcon_core.shell:Creating package script '/home/ros/ros_ws/install/my_bot/share/my_bot/package.sh'
[111.429s] INFO:colcon.colcon_core.shell:Creating package script '/home/ros/ros_ws/install/my_bot/share/my_bot/package.bash'
[111.455s] INFO:colcon.colcon_core.shell:Creating package script '/home/ros/ros_ws/install/my_bot/share/my_bot/package.zsh'
[111.476s] Level 1:colcon.colcon_core.environment:create_file_with_runtime_dependencies(/home/ros/ros_ws/install/my_bot/share/colcon-core/packages/my_bot)
[111.498s] DEBUG:colcon.colcon_parallel_executor.executor.parallel:closing loop
[111.516s] DEBUG:colcon.colcon_parallel_executor.executor.parallel:loop closed
[111.520s] DEBUG:colcon.colcon_parallel_executor.executor.parallel:run_until_complete finished with '0'
[111.523s] DEBUG:colcon.colcon_core.event_reactor:joining thread
[112.640s] INFO:colcon.colcon_core.plugin_system:Skipping extension 'colcon_notification.desktop_notification.notify_send': Could not find 'notify-send'
[112.645s] INFO:colcon.colcon_core.plugin_system:Skipping extension 'colcon_notification.desktop_notification.terminal_notifier': Not used on non-Darwin systems
[112.650s] INFO:colcon.colcon_core.plugin_system:Skipping extension 'colcon_notification.desktop_notification.win32': Not used on non-Windows systems
[112.652s] INFO:colcon.colcon_notification.desktop_notification:Sending desktop notification using 'notify2'
[112.701s] DEBUG:colcon.colcon_notification.desktop_notification.notify2:Failed to initialize notify2: org.freedesktop.DBus.Error.Spawn.ExecFailed: /usr/bin/dbus-launch terminated abnormally without any error message
[112.705s] DEBUG:colcon.colcon_core.event_reactor:joined thread
[113.576s] INFO:colcon.colcon_core.shell:Creating prefix script '/home/ros/ros_ws/install/local_setup.ps1'
[113.629s] INFO:colcon.colcon_core.shell:Creating prefix util module '/home/ros/ros_ws/install/_local_setup_util_ps1.py'
[113.731s] INFO:colcon.colcon_core.shell:Creating prefix chain script '/home/ros/ros_ws/install/setup.ps1'
[114.652s] INFO:colcon.colcon_core.shell:Creating prefix script '/home/ros/ros_ws/install/local_setup.sh'
[114.686s] INFO:colcon.colcon_core.shell:Creating prefix util module '/home/ros/ros_ws/install/_local_setup_util_sh.py'
[114.721s] INFO:colcon.colcon_core.shell:Creating prefix chain script '/home/ros/ros_ws/install/setup.sh'
[115.664s] INFO:colcon.colcon_core.shell:Creating prefix script '/home/ros/ros_ws/install/local_setup.bash'
[115.691s] INFO:colcon.colcon_core.shell:Creating prefix chain script '/home/ros/ros_ws/install/setup.bash'
[116.612s] INFO:colcon.colcon_core.shell:Creating prefix script '/home/ros/ros_ws/install/local_setup.zsh'
[116.636s] INFO:colcon.colcon_core.shell:Creating prefix chain script '/home/ros/ros_ws/install/setup.zsh'
