[5.844s] Invoking command in '/home/ros/ros_ws/build/my_bot': CMAKE_PREFIX_PATH=${CMAKE_PREFIX_PATH}:/opt/ros/humble /usr/bin/cmake --build /home/ros/ros_ws/build/my_bot -- -j4 -l4
[9.708s] Invoked command in '/home/ros/ros_ws/build/my_bot' returned '0': CMAKE_PREFIX_PATH=${CMAKE_PREFIX_PATH}:/opt/ros/humble /usr/bin/cmake --build /home/ros/ros_ws/build/my_bot -- -j4 -l4
[13.171s] Invoking command in '/home/ros/ros_ws/build/my_bot': CMAKE_PREFIX_PATH=${CMAKE_PREFIX_PATH}:/opt/ros/humble /usr/bin/cmake --install /home/ros/ros_ws/build/my_bot
[13.799s] -- Install configuration: ""
[13.835s] -- Execute custom install script
[13.905s] -- Up-to-date symlink: /home/ros/ros_ws/install/my_bot/share/my_bot/config/empty.yaml
[13.921s] -- Up-to-date symlink: /home/ros/ros_ws/install/my_bot/share/my_bot/description/robot.urdf.xacro
[13.927s] -- Up-to-date symlink: /home/ros/ros_ws/install/my_bot/share/my_bot/description/robot_core.xacro
[13.935s] -- Up-to-date symlink: /home/ros/ros_ws/install/my_bot/share/my_bot/launch/rsp.launch.py
[13.944s] -- Up-to-date symlink: /home/ros/ros_ws/install/my_bot/share/my_bot/worlds/empty.world
[13.958s] -- Up-to-date symlink: /home/ros/ros_ws/install/my_bot/share/ament_index/resource_index/package_run_dependencies/my_bot
[13.970s] -- Up-to-date symlink: /home/ros/ros_ws/install/my_bot/share/ament_index/resource_index/parent_prefix_path/my_bot
[13.987s] -- Up-to-date symlink: /home/ros/ros_ws/install/my_bot/share/my_bot/environment/ament_prefix_path.sh
[13.994s] -- Up-to-date symlink: /home/ros/ros_ws/install/my_bot/share/my_bot/environment/ament_prefix_path.dsv
[14.001s] -- Up-to-date symlink: /home/ros/ros_ws/install/my_bot/share/my_bot/environment/path.sh
[14.009s] -- Up-to-date symlink: /home/ros/ros_ws/install/my_bot/share/my_bot/environment/path.dsv
[14.016s] -- Up-to-date symlink: /home/ros/ros_ws/install/my_bot/share/my_bot/local_setup.bash
[14.024s] -- Up-to-date symlink: /home/ros/ros_ws/install/my_bot/share/my_bot/local_setup.sh
[14.043s] -- Up-to-date symlink: /home/ros/ros_ws/install/my_bot/share/my_bot/local_setup.zsh
[14.049s] -- Up-to-date symlink: /home/ros/ros_ws/install/my_bot/share/my_bot/local_setup.dsv
[14.058s] -- Symlinking: /home/ros/ros_ws/install/my_bot/share/my_bot/package.dsv
[14.810s] -- Up-to-date symlink: /home/ros/ros_ws/install/my_bot/share/ament_index/resource_index/packages/my_bot
[14.829s] -- Up-to-date symlink: /home/ros/ros_ws/install/my_bot/share/my_bot/cmake/my_botConfig.cmake
[14.841s] -- Up-to-date symlink: /home/ros/ros_ws/install/my_bot/share/my_bot/cmake/my_botConfig-version.cmake
[14.857s] -- Up-to-date symlink: /home/ros/ros_ws/install/my_bot/share/my_bot/package.xml
[14.994s] Invoked command in '/home/ros/ros_ws/build/my_bot' returned '0': CMAKE_PREFIX_PATH=${CMAKE_PREFIX_PATH}:/opt/ros/humble /usr/bin/cmake --install /home/ros/ros_ws/build/my_bot
